1
2
3
4
5
6
7
8
9
10
11
12
13
14
15
16
17
18
19
20
21
22
23
24
25
26
27
28
29
30
31
32
33
34
35
36
37
38
39
40
41
42
43
44
45
46
47
48
49
50
51
52
53
54
55
56
57
58
59
60
61
62
63
64
65
66
67
68
69
70
71
72
73
74
75
76
77
78
79
80
81
82
83
84
85
86
87
88
89
90
91
92
93
94
95
96
97
98
99
100
101
102
103
104
105
106
107
108
109
110
111
112
113
114
115
116
117
118
119
120
121
122
123
124
125
126
127
128
129
130
131
132
133
134
135
136
137
138
139
140
141
142
143
144
145
146
147
148
149
150
151
152
153
154
155
156
157
158
159
160
161
162
163
164
165
166
167
168
169
170
171
172
173
174
175
176
177
178
179
180
181
182
183
184
185
186
187
188
189
190
191
192
193
194
195
196
197
198
199
200
201
202
203
204
205
206
207
208
209
210
211
212
213
214
215
216
217
218
219
220
221
222
223
224
225
226
227
228
229
230
231
232
233
234
235
236
237
238
239
240
241
242
243
244
245
246
247
248
249
250
251
252
253
254
255
256
257
258
259
260
261
262
263
264
265
266
267
268
269
270
271
272
273
274
275
276
277
278
279
280
281
282
283
284
285
286
287
288
289
290
291
292
293
294
295
296
297
298
299
300
301
302
303
304
305
306
307
308
309
310
311
312
313
314
315
316
317
318
319
320
321
322
323
324
325
326
327
328
329
330
331
332
333
334
335
336
337
338
339

[Interrupted]
> load "./task4_large.mg";
Loading "./task4_large.mg"
Loading "./hashP.mg"
Loading "./print_cipher.mg"
> findColisions(20);
"0xBA443", "0xD0F611"
"0x5B64F", "0x3496D1"
"0xFB878", "0x3AB583"
"0x32FF3", "0x7D04D0"
"0x48F4A", "0xD14D96"
"0x1C151", "0xE17572"
"0xF2D97", "0x5CAC57"
"0xB77D1", "0x649D9D"
"0x72ED2", "0xD342B7"
"0xAF5F7", "0x1516FF"
"0xEB6F7", "0x39E350"
"0x70AA9", "0xE0E40D"
"0xAB298", "0x36BEB"
"0x82C49", "0x152AC1"
"0xB699A", "0x529790"
"0x70D68", "0xFF60FA"
"0xA8AF0", "0xA6F738"
"0xE0FE5", "0x474F83"
"0x62593", "0xAD9AF0"
"0x483B8", "0x1B8ADD"
"0x625C3", "0xB60F52"
"0x48F3F", "0xA4EE90"
"0xB9DE6", "0xCE5E15"
"0xBD95", "0x58EF90"
"0x71281", "0xC42483"
"0xABA6", "0x4A3E10"
"0x1B8E4", "0x4A8853"
"0x2C8BB", "0xFA370F"
"0x445AE", "0x351E6B"
"0x40953", "0xF623F9"
"0x86FF0", "0x4C9823"
"0x2E56B", "0x53A2B2"
"0x5CD9B", "0xD2471E"
"0x306B8", "0xF61D76"
"0xF05B3", "0x68AFA8"
"0x26746", "0x2455F5"
"0xE90B5", "0x7FFC1B"
"0x50F2B", "0x2D0D26"
"0xC86EE", "0xE03964"
"0x20824", "0x5F851"
"0x1D335", "0x8525A"
"0xB1EEF", "0x220DC7"
"0x77A84", "0xB5165A"
"0xFFA72", "0xFB6EF2"
"0xC5904", "0xFD7F00"
"0xF63EA", "0x3EF562"
"0x383AB", "0x368AD6"
"0xACDE2", "0xD52BA2"
"0x9AA1B", "0xEAAD9E"
"0xFF978", "0x7844E9"
"0x6435B", "0x9CD66A"
"0xF4376", "0xEF4884"
"0x9D6B2", "0x3C12A3"
"0x96923", "0xF4957B"
"0x25597", "0xB5C470"
"0x8D196", "0xA8DF0C"
"0xDA7F5", "0x6BD021"
"0x50D7F", "0x9CC135"
"0x423EF", "0x78D039"
"0xA297C", "0xFEDB1A"
"0x9198A", "0xAEEA87"
"0x54CA2", "0xED69FA"
"0x52C86", "0x8E0A4C"
"0x44B7A", "0x4AA661"
"0xC8B5E", "0x5E0DD1"
"0x3EB0A", "0x9C4CE2"
"0xCEEBA", "0xC2D6BC"
"0x2AAD7", "0x525B8D"
"0xC83A4", "0x4D1793"
"0x970B5", "0x9FEE01"
"0x8ABF9", "0xF0E0EA"
"0x80C5C", "0x72D7E4"
"0x364AE", "0x8E83BB"
"0x86B66", "0xFD96CA"
"0x31BDA", "0x792F27"
"0x58B9E", "0xB05217"
"0x81071", "0x5C6E0D"
"0x80C92", "0xFB74A0"
"0x3214A", "0x3752F8"
"0xAD5CD", "0xF01CC1"
"0x1BE8B", "0x610828"
"0x957C2", "0x1BA207"
"0x4F17B", "0x7C9B50"
"0x5291", "0x3BF776"
"0xC757E", "0xDBF88A"
"0x9481D", "0xE8EBF2"
"0xEE901", "0x4E9A25"
"0x90ACF", "0xC35674"
"0x2E53D", "0x9CF42A"
"0x272A5", "0xA4B883"
"0x71C7A", "0x2B499"
"0x4983A", "0x57FA87"
"0xC9CD1", "0x5020D9"
"0xF2E0D", "0xB7C53A"
"0x387B9", "0x49AFA1"
"0x5B0A2", "0xDC34D7"
"0xB5363", "0x9487EB"
"0x3F2B1", "0x661380"
"0xE3ABE", "0x3ABA37"
"0x3A965", "0xFF4EAD"
"0x60EE3", "0xC85801"
"0xF4A36", "0x347ABB"
"0x347AE", "0xCD1B48"
"0x1A458", "0x46094F"
"0x55FDD", "0xFD94E3"
"0xA1A96", "0x40FC0"
"0x2FCA0", "0x8E3C1B"
"0xDDEDC", "0xB57DF8"
"0x7443E", "0xF7AAF8"
"0xB813C", "0xA40D89"
"0xC02BD", "0x2CA4A7"
"0x8A5FC", "0x9BDDFA"
"0xBEAA3", "0xC47B0F"
"0x4D0EB", "0xB0413D"
"0x5FBCA", "0x972994"
"0xAE95C", "0x8737E2"
"0x7EECE", "0x1804B7"
"0x1E410", "0x7BB745"
"0xFE0F5", "0x4E48F5"
"0x4151C", "0x80E83C"
"0x81167", "0x6447E8"
"0xE569E", "0x3C9B91"
"0x61CCC", "0x6396EB"
"0xB1E1B", "0x81212"
"0x8F50A", "0x3B8091"
"0x145E", "0xB796E9"
"0x8CD52", "0x9243AB"
"0x9EAB6", "0x51EE92"
"0x67011", "0x319C4E"
"0x3E3F1", "0x3470F8"
"0xAE49E", "0x729FB7"
"0xEBCBC", "0xCB3797"
"0x8E6F6", "0x4864C1"
"0xDD6F0", "0x318F3A"
"0xA635F", "0xC8BE2C"
"0xC0929", "0x964986"
"0x1F9C2", "0x39E7A6"
"0xDB56F", "0x7407B4"
"0x189C9", "0x34E328"
"0xC6798", "0xC00654"
"0xB0B3F", "0x17E147"
"0xB506C", "0xA95303"
"0x9E990", "0xE10EC0"
"0x988C9", "0x7E9437"
"0x9C7C1", "0xEF01FA"
"0x3243A", "0xE22B69"
"0x9BF69", "0xAEDCBD"
"0x4FC3B", "0x688E8C"
"0x4A447", "0x89C6A2"
"0x8D666", "0xE84769"
"0xA5BA8", "0x857D59"
"0xB11B0", "0x1C4CE9"
"0xD8835", "0x434C8F"
"0xEA88D", "0xBDD88D"
"0x20856", "0xFF3DE6"
"0xE1BB1", "0x31BC1F"
"0x57922", "0xB44405"
"0x47315", "0x966409"
"0xD6574", "0x263540"
"0x88AFD", "0x9AD2C6"
"0x84ABF", "0xF302DC"
"0x5F1A6", "0x361EB2"
"0x32A97", "0xF30920"
"0x81C6A", "0x7B1ED0"
"0xE0EE5", "0x3F81EC"
"0x7BBDA", "0x7DD75B"
"0xB70F0", "0xCA3F93"
"0xEA604", "0x179A14"
"0x37970", "0x2C6D32"
"0xD581B", "0x66A571"
"0xD773F", "0x23F283"
"0x11526", "0xD90361"
"0xF8011", "0xE6191C"
"0xB2F9E", "0x4CEC2C"
"0x8E951", "0x846F57"
"0x7F3FB", "0x843E97"
"0xB3D5A", "0xD2CA35"
"0x5BDA5", "0x888B4B"
"0x2BA4B", "0x6C874C"
"0x77C16", "0x5A711F"
"0x7DD7D", "0x774CEC"
"0xD4C33", "0x7E5709"
"0xD4D58", "0xED17ED"
"0x96041", "0x4C47C9"
"0x92721", "0xCB8BC"
"0x66A4", "0x83C650"
"0x478B6", "0x377C30"
"0x49513", "0xD54A88"
"0x6D2C4", "0xCD78E7"
"0xADC92", "0xB34673"
"0xB0A63", "0x2F786A"
"0x48E9B", "0x22DBEA"
"0x639FC", "0xE30FE2"
"0x16C90", "0xD44A6E"
"0x13679", "0xF769E1"
"0x934CD", "0x184C26"
"0xC3A52", "0x71A301"
"0xD64E", "0xBBE222"
"0xF8F37", "0x2F6506"
"0xA4092", "0xD24E38"
"0x327DD", "0xDD07DB"
"0xEA4D8", "0xC52578"
"0x758B0", "0x2CE83D"
"0xEBCC4", "0x2098C"
"0x41EED", "0x6A6162"
"0x64A09", "0x9429AB"
"0xAF962", "0xABE903"
"0xA86D", "0x400309"
"0x536BD", "0x4363AA"
"0x44B73", "0xDB2C14"
"0x178C3", "0xE11A25"
"0x793B", "0x4B9F6E"
"0x4D6D5", "0x6B201"
"0x2A75C", "0xD9DB50"
"0x7D1E8", "0x62681E"
"0x31E80", "0xBCE19A"
"0xC4F66", "0x994C71"
"0xDE849", "0xA803F2"
"0xB58C9", "0x7C2CB3"
"0x5577", "0xBDBAF8"
"0xA4A5", "0xC66CC"
"0xA8DA0", "0xC0519E"
"0x2028A", "0xD9F49"
"0x683B1", "0xFDE078"
"0xD4C95", "0xAD3EC3"
"0x9D31B", "0xB6707A"
"0xCE167", "0xC42630"
"0x7F942", "0xCBA343"
"0xED908", "0xB91BEA"
"0xCC9E9", "0x16C46B"
"0x4A3A3", "0xE648B4"
"0x5EC03", "0xE484A4"
"0x2834D", "0xD3932C"
"0x6A0FA", "0xB477F3"
"0x23E1F", "0xB41375"
"0x40467", "0xBA4246"
"0xA1C5B", "0x93ECD1"
"0xB5C4E", "0x6F81F"
"0x2E259", "0x72C88D"
"0x75AA6", "0xE88540"
"0xA61AB", "0x4B0DAF"
"0x9B0AB", "0xEB3778"
"0xF9887", "0xD7B38D"
"0xC0EE", "0x5BE041"
"0x9AF43", "0x1967F7"
"0x8B54C", "0x51EAD3"
"0x5E6E6", "0x5B787C"
"0x2A357", "0x54B175"
"0xBDE21", "0x4FFCFA"
"0x8AA17", "0x599436"
"0x4722C", "0x4C6A7E"
"0xCBFE1", "0x7B1954"
"0x873BF", "0xFA24A2"
"0xEA60F", "0x8268EF"
"0xCF417", "0xA12E59"
"0x2890B", "0x856E28"
"0xFAA0E", "0xFAA99D"
"0xA28E2", "0xC5CD92"
"0x9409D", "0x9EC01"
"0x33B75", "0x46E937"
"0xA7787", "0xB64E65"
"0xC89F4", "0xCF97B9"
"0x198D4", "0xB13208"
"0x260C3", "0xD4913D"
"0x87CF5", "0x42C58E"
"0x16CF8", "0x31158D"
"0xF5360", "0x720591"
"0x948FB", "0x232734"
"0xBC677", "0xF21431"
"0xCBF31", "0x1DC8B4"
"0xBDD70", "0xA789D3"
"0x8AA6E", "0xDA8E39"
"0x258C9", "0xF56F25"
"0x8D551", "0x6A7A1D"
"0x68683", "0x9E355A"
"0xF38FA", "0x391AA1"
"0x32CC2", "0x302A37"
"0xE0780", "0x4CD805"
"0xEDFC5", "0xBDF03F"
"0x78B62", "0xBA21BA"
"0x1FCC9", "0xF1B0AA"
"0x8443B", "0x1A075E"
"0xE4C7", "0x1D4D1F"
"0xF6598", "0x8BA923"
"0x389DD", "0x154145"
"0xE920", "0x936627"
"0x892C1", "0x832697"
"0xED28E", "0x2877AF"
"0xC72EC", "0x3ABCE7"
"0x4B857", "0x3F5DEA"
"0xEFC66", "0xE453BF"
"0xA7A02", "0x9D91C7"
"0xFA1EB", "0x57DE4E"
"0xF6426", "0x64F0D1"
"0xA90DD", "0xC129A7"
"0xC9C15", "0x895D41"
"0x81F9E", "0xB0A698"
"0x50199", "0x8707B"
"0x259E", "0xC6AC7E"
"0x51E81", "0x13526E"
"0x5C242", "0x1AEC39"
"0x6C124", "0x746A11"
"0xCC5AD", "0x6718D2"
"0xAF810", "0x79F6AF"
"0xB2119", "0xD5AD50"
"0x8FFAB", "0x7886"
"0xDF1D9", "0xF83598"
"0xFD216", "0xC213B"
"0x2E386", "0xFC88F1"
"0xCD4E6", "0xA9153B"
"0xFD41C", "0x34529A"
"0xC7435", "0x95E5C4"
"0xF2CFE", "0x906977"
"0xFB551", "0xF0005A"
"0xB3067", "0x482748"
"0x5E10E", "0xEF18FC"
"0xE1E9B", "0x9F2A4D"
"0xB1766", "0x4BB488"
"0x36558", "0xC10256"
"0x2B4D2", "0x334CA3"
"0xB0AA9", "0x434156"
"0x26735", "0x399951"
"0x17706", "0x493FE"
"0xBFCF4", "0xA17C86"
"0xB9C8", "0xE1DFCD"
"0x8CE3B", "0xDDB606"
"0xF6F11", "0x9DF5F3"
"0x4BF6F", "0x254866"
"0x31AE7", "0x72974D"
"0x43F9F", "0x634C38"
"0x171D6", "0x2DC2B5"
"0x16F19", "0xC4DC90"
"0x10169", "0xD9E3B1"
"0x8FC8B", "0xB39C3B"
"0x3E77", "0xFE676D"
"0xFA331", "0x48A922"
"0x99932", "0x75F556"
"0xC27AF", "0xE80FCC"
"0x5C242", "0x1AEC39"
"0x706F5", "0x8C5FE5"
"0xEF964", "0x99AD93"
"0xEAAFC", "0x3ADA1F"
"0x778C1", "0x51B129"
"0xE2A3B", "0x86BF3F"
"0x394B6", "0x8ACCF5"
"0x503C3", "0x4A1B65"
"0x836CA", "0xDF6E5F"
"0xB094C", "0x6BC4C5"
"0xD38CA", "0x661FD8"
"0x5E297", "0x5E4817"
"0xC64D6", "0x951757"
"0xA7B18", "0x2F8A43"
"0xB963D", "0x220236"
"0x12E38", "0x82D482"
"0x4A382", "0xA9900A"
"0x64E3E", "0x52C611"
"0x5561F", "0xF7B83F"
"0xD701C", "0xE1E280"
"0xFA8AF", "0x489BF1"
"0xE97FD", "0x6CBC25"
"0x475BB", "0x2EEBC0"
"0xCDCAA", "0x3390AB"
"0xBB7D6", "0x86A26F"
"0x31BD6", "0x3989EF"
"0x965F4", "0xDEDCE"
"0x6DA32", "0x95F85D"
"0xDD88F", "0x920EA1"
"0x8FDFA", "0x7D4C13"
"0x4ACE", "0x1ACBB1"
"0xC37", "0xF8D2FE"
"0xE148A", "0xAC37E5"
"0x7448F", "0xD870B9"
"0x50843", "0xCA8D84"
"0xF0CE5", "0xF0B7B8"
"0x7F06F", "0x3C6581"
"0xFAB9C", "0x6F22F9"
"0x7DE9B", "0x9C6EB1"
"0xE4120", "0xA9884E"
"0xBD522", "0x70DFC0"
"0xD28E1", "0x83BFA2"
"0x213E0", "0x7F5852"
"0xCC58C", "0x73AB5C"
"0x8392A", "0x9501B1"
"0xA05BB", "0x21F36"
"0xE9F97", "0xDE08AD"
"0xAEBF7", "0x905DEA"
"0xA36F5", "0xE195FF"
"0x74B46", "0x3FC2A2"
"0x94AD1", "0x600A1D"
"0x8657", "0x29CB6F"
"0xEAAC9", "0x2D3556"
"0x5CEF7", "0x95B648"
"0x5ED91", "0xE7314B"
"0x3886B", "0xDBD7F8"
"0xF9446", "0xE748BD"
"0x1D823", "0xD36959"
"0xB5286", "0x781194"
"0x3A9CA", "0x85F57C"
"0x9372A", "0xD83358"
"0x29D6B", "0x5832AB"
"0xAA8CA", "0x1EE30F"
"0x322DC", "0x60FB44"
"0xD6C3A", "0x6E8AA3"
"0x12AE", "0xA48969"
"0xDBE4C", "0x80D476"
"0xEF914", "0xDD09E7"
"0x10257", "0x66D653"
"0x21650", "0x4A0A3E"
"0x6F7D9", "0xF49370"
"0xE11CA", "0x4FDB11"
"0x2A8E0", "0xC89056"
"0x259F0", "0xCBA489"
"0x5E51A", "0xD1F6F2"
"0xEE34D", "0x8B790D"
"0xC6E27", "0xA5CBB4"
"0xCDF0A", "0xBE61E5"
"0xB9126", "0xDB9CA8"
"0x4665B", "0xC6BFA"
"0x73C9B", "0x727F7F"
"0xDE4BE", "0x3C4D13"
"0xCF5F3", "0x5117BA"
"0x4DBC1", "0xA7C755"
"0x9D692", "0x77FCD6"
"0x72BCD", "0x81B5EA"
"0xFBB6E", "0xA5A8B3"
"0xB5F6D", "0x27BF8E"
"0xC92A1", "0xD7315B"
"0xF2D25", "0x7870E8"
"0x52EC8", "0x5F7608"
"0x8C31E", "0xF4A508"
"0xBAAE1", "0x89CE7B"
"0x887FB", "0x7924A1"
"0xF4F8C", "0x626BB1"
"0xADA04", "0xF48B3"
"0x7DA49", "0xDCD2D1"
"0xA4447", "0x1089B2"
"0x14681", "0x857382"
"0x8B569", "0x65BB63"
"0xFBA82", "0xBCA613"
"0x4FB00", "0x14E1EC"
"0x964BF", "0x2E9735"
"0xB2D83", "0x3581C"
"0x7CEC6", "0xE382D8"
"0x5AC31", "0x474F8F"
"0xC2694", "0xD13317"
"0x551F3", "0xF6690"
"0x93166", "0x6377FA"
"0x6F858", "0xB6CA2E"
"0xD5107", "0x5CEBFD"
"0x1553B", "0xD5330"
"0xF7D30", "0xC012B0"
"0x59B85", "0x6134E7"
"0xD5FE5", "0xCC98F4"
"0x119F5", "0x5CF8B0"
"0x8D221", "0x710EB7"
"0x399B6", "0xAEF52F"
"0x967", "0xA7BCCB"
"0x2755B", "0x316612"
"0xC23AF", "0x6D778C"
"0xB3065", "0x6E60B0"
"0x29DC2", "0x75151B"
"0xEF0DE", "0xE30D84"
"0xE7454", "0x8B1279"
"0xBA6F5", "0x3C1C57"
"0xEDB09", "0xC38432"
"0xF9D27", "0x495C66"
"0x2C66E", "0xF6133B"
"0x1B0C3", "0xE52DCB"
"0x296F4", "0x114799"
"0xCE366", "0x92FD61"
"0x14E62", "0x75F28"
"0xFDCE8", "0x6FD17"
"0x160A3", "0x4C244F"
"0x965AD", "0x1D5A7E"
"0x134B8", "0xE88AF8"
"0x1F928", "0x519D29"
"0xB754A", "0x6DED49"
"0x9413D", "0x3B4DF5"
"0x4A7D0", "0x8A980"
"0xAB432", "0x63D79F"
"0x880E9", "0x8068BC"
"0x2B60B", "0xB75738"
"0xAE605", "0xE677E"
"0x57A77", "0x5E3CC8"
"0x5A388", "0x88FA5C"
"0x53308", "0x5B373D"
"0x28E6B", "0xD007AD"
"0x524CB", "0x854C8F"
"0x2F2B0", "0x5C3D74"
"0x7E9C2", "0xAC9182"
"0x764BE", "0x348B27"
"0x5426B", "0xEF310B"
"0x8F9C", "0x2DF596"
"0x708C3", "0x2850C1"
"0x71314", "0xAB4A86"
"0xD3894", "0x67A2F7"
"0x42AC0", "0x50636C"
"0x39EC2", "0x9AF2"
"0x92A0B", "0x49B267"
"0x376", "0x1B233C"
"0x586AC", "0xA39E13"
"0x66BAD", "0x580A45"
"0x6CD54", "0xE5E594"
"0x6348D", "0xF8F6D5"
"0xEE6FC", "0x946F90"
"0x8462C", "0x377097"
"0xD9A", "0xD9F97F"
"0x6CF8D", "0x58AA5B"
"0xDDD47", "0x1D230E"
"0x3111", "0x558C2E"
"0xA7F35", "0x5BBBE8"
"0x29A55", "0x20F6B0"
"0x269BD", "0x16D466"
"0x1CCAB", "0xAC506D"
"0x2D6CA", "0xAA2511"
"0x2B6D6", "0x16B24C"
"0x82FD3", "0x4E38BB"
"0x8EE4F", "0xEAF09B"
"0x6CB91", "0xB8F570"
"0xF161C", "0xD8455B"
"0x6CA7D", "0x81EB75"
"0x6F3F9", "0x9CFE3"
"0x36141", "0x16592A"
"0x9C399", "0x32051B"
"0xC3DF", "0x767359"
"0x20BB4", "0xDDD12F"
"0xE54E", "0x77D51"
"0xA9E24", "0x7068E1"
"0xE2FF0", "0xF5700"
"0x780B0", "0xD8B5BC"
"0x8028", "0x947F1A"
"0xB9335", "0x26D1D8"
"0xB654C", "0xCC247"
"0x3D78E", "0x1998A0"
"0x98BC6", "0x63C6D3"
"0xA1899", "0x96A3E6"
"0x61FFE", "0xCBA802"
"0x68837", "0x15F715"
"0xE0CAA", "0x6AAD50"
"0xDB2AE", "0x3EC4BE"
"0x83026", "0x6136C6"
"0xA88BE", "0x9C3155"
"0x5AA5F", "0xBD1F1A"
"0x72853", "0x279742"
"0x9C1F6", "0xAE1107"
"0x48013", "0xCB4CAF"
"0xDB5CD", "0x95ACAC"
"0xDDF19", "0xFC08CF"
"0x663A", "0x74FFE2"
"0xF8CC2", "0xCE603F"
"0x63399", "0xE6A005"
"0x41FD6", "0xBE4C41"
"0x6A088", "0x97BB0F"
"0xB048", "0x749619"
"0x6695B", "0x4DC5F"
"0x3DE2D", "0x1A2A09"
"0xAA97E", "0x47DF28"
"0xD9A34", "0x58353B"
"0xC88FB", "0x7891A3"
"0x3F12C", "0x95CB71"
"0x2CBAB", "0xAE2A3C"
"0x2C5DD", "0x20970"
"0xE87F2", "0x551507"
"0x8867", "0xBA867B"
"0x6AEA4", "0x432DD7"
"0x334BE", "0x9751D0"
"0x6039", "0x763914"
"0xF19B3", "0xF9D38D"
"0xBE3F8", "0xA7C388"
"0x38EAC", "0xECDB85"
"0x68951", "0x267C05"
"0xFDF3C", "0x6AECED"
"0x32B4A", "0xC61202"
"0xFFF66", "0xDA488E"
"0x83BEF", "0xF4B3BB"
"0x39C84", "0x873716"
"0x3B57A", "0x7552B5"
"0x491CC", "0xBAC825"
"0xC2638", "0xEA838D"
"0x55932", "0x638B6A"
"0x4D618", "0x69CB1F"
"0x3F51E", "0x8A5DD9"
"0x9415B", "0x9E8BD8"
"0xCDDF3", "0x4DF1B9"
"0x185D9", "0xE06D04"
"0xBA6C8", "0xDF892A"
"0x7D950", "0xD46D08"
"0x10FAD", "0xC0A494"
"0x968DD", "0x386CFC"
"0x2CF57", "0x5AF649"
"0x5ACF2", "0xB07C8C"
"0x251A", "0x5CEF7B"
"0x4862B", "0xD5D479"
"0xBEE02", "0x10122C"
"0xDC28C", "0xF9A138"
"0xB09E5", "0xD3131D"
"0x45CFA", "0x3419C9"
"0xE96A9", "0x5AFC7C"
"0x85A31", "0x173842"
"0x45369", "0x2E97AD"
"0xCEE03", "0xF32C2B"
"0xA6B48", "0xB70573"
"0x8CE65", "0xA20C02"
"0x3C678", "0x7139A6"
"0x1D6F", "0x2FE19"
"0xA6B2A", "0xCD4A8E"
"0x45888", "0x21EF35"
"0xCB8EF", "0x32F887"
"0xE17D8", "0xB21EC2"
"0xA6C70", "0x96B390"
"0x85F68", "0x655F07"
"0x28F13", "0x8B859F"
"0x519A6", "0xB99BAB"
"0xAFA20", "0x694DC0"
"0xF5A32", "0x298205"
"0x49BBB", "0x228B7C"
"0x4202B", "0x3B6ECB"
"0xF7B70", "0x7FD91A"
"0xFE0D3", "0x942D69"
"0x9D237", "0xE444A"
"0x19B07", "0xA30CCB"
"0x229F4", "0x36FB91"
"0x49EB2", "0xCC6607"
"0xBCDD2", "0xF247E"
"0xEBAEB", "0x8A6A26"
"0x1D155", "0x144EAC"
"0xC040B", "0x80000"
"0xDFD72", "0x6D38E3"
"0x13391", "0xFB51F8"
"0x61A45", "0xAF6625"
"0x696B6", "0x11CF69"
"0xE4954", "0xAAA27D"
"0xA0143", "0x79B305"
"0xA8ACD", "0x59BEAF"
"0xE775E", "0xCCFC5"
"0xE2081", "0x34239A"
"0xD95C8", "0xA0B1DC"
"0x44AC5", "0x1580EF"
"0x9FF6E", "0x1F5377"
"0x457A0", "0xF2F293"
"0x43F5F", "0xC7CECF"
"0x3166C", "0xD80CFF"
"0x7424", "0x966E50"
"0xCF892", "0x7FBA2F"
"0x7C59E", "0x257079"
"0xCE08C", "0xFCEAA8"
"0xD6E95", "0x7856C5"
"0x788B7", "0xBE4492"
"0xB7EDB", "0xFB63FD"
"0x9A66F", "0xC43F66"
"0xDAD43", "0xDF9A08"
"0xFC133", "0x9675C0"
"0xA248F", "0xA18F5E"
"0xE3068", "0x46A8E4"
"0x283D2", "0x3F38D2"
"0x8A63B", "0xB3CF9E"
"0xF5A89", "0xC011A"
"0xE7F30", "0xDC946B"
"0x98671", "0x2F22A1"
"0xA6B91", "0xEC19FE"
"0xA47EF", "0x2CF58F"
"0x4BF8B", "0x23794B"
"0xB74FA", "0x9DFDA4"
"0xABDF", "0x3C0B8"
"0x4198E", "0xB883EE"
"0x596A5", "0x360275"
"0x3CFC4", "0x5657F8"
"0x5EE65", "0xC1E060"
"0x97A7C", "0x96662"
"0x8EC8D", "0x84BEB5"
"0x265E5", "0xB2E268"
"0x3CFF3", "0xED9BE7"
"0xE11D7", "0x638470"
"0x4AF5B", "0xC2CC83"
"0x2C678", "0xDF08CE"
"0xF80DE", "0x6670CA"
"0xF9523", "0x644F33"
"0xB43AB", "0xDEFF5D"
"0x4ED16", "0x91176A"
"0x9E62B", "0x503CBE"
"0xDC64C", "0xBBAE68"
"0x51FF4", "0x6BD117"
"0xC85C6", "0x445E95"
"0x7C58B", "0x1E3832"
"0x4099E", "0x94151C"
"0x46EDD", "0x8E6BBE"
"0x23BE7", "0x878A94"
"0x4D0C9", "0xB284E6"
"0xF22CF", "0xF2002"
"0xD911D", "0xE30451"
"0x5776A", "0xF4616E"
"0xE97ED", "0x955271"
"0x1FB09", "0xB0C2F3"
"0xFD489", "0x1D02C6"
"0x12830", "0x3F5520"
"0xC0A17", "0x68A1F6"
"0xE68E9", "0xC41BE9"
"0x2F4AB", "0x75A4E3"
"0xEF6B5", "0x4F7B29"
"0xE1AFA", "0xB771FA"
"0x75ED4", "0xDCBF8A"
"0x3AD44", "0xBB93A3"
"0x20D66", "0x322B79"
"0x20D0", "0x3DE732"
"0x73FE1", "0x2072F"
"0x3C9F2", "0x1D731B"
"0x8B88F", "0xC75DA3"
"0xC5C37", "0x5A2586"
"0x90BA", "0xFE654C"
"0x571FC", "0x4B70F0"
"0x39B9E", "0xD1FE7"
"0xCA89A", "0x3AD445"
"0xC44D1", "0xD526A2"
"0xB1687", "0x474B5D"
"0x683B6", "0x86361"
"0x2F208", "0xFD279"
"0x26270", "0xDEA256"
"0xF845D", "0x79FD4E"
"0xA6B9D", "0xEC656E"
"0x29989", "0xB2C0D5"
"0xDA7BE", "0xFACF08"
"0x3382F", "0xAFFFAE"
"0x2BABA", "0xBBB469"
"0x28258", "0x148D87"
"0x5E3D3", "0x694780"
"0x88B26", "0xBB19AD"
"0xF9FAD", "0x47D0AB"
"0x308E7", "0xBD78A1"
"0xB5982", "0x6146FB"
"0x164FE", "0x3CF7E9"
"0x674C5", "0x6953C6"
"0x3E79C", "0x387EF"
"0x44519", "0xAC5CC5"
"0x2CADD", "0xBD878E"
"0xB9EC6", "0x369637"
"0xC9E0A", "0xC77954"
"0x72005", "0x7A6035"
"0x71BA3", "0x187466"
"0xFF482", "0x227B97"
"0xF09D0", "0xF6E6"
"0x1856A", "0x8F6FDE"
"0xB8343", "0x138100"
"0xF88E9", "0x36C7A"
"0xC4EFB", "0x7D4731"
"0x794F6", "0xC70B66"
"0xF6F31", "0x57FA90"
"0x2613", "0x1F5B14"
"0xB59A2", "0xEC13BB"
"0xD6A7A", "0x10193D"
"0xA9D39", "0x794791"
"0x96341", "0xCC2170"
"0xBF89E", "0xCF9648"
"0x4A520", "0x6042B"
"0xC1F7B", "0x5AE4CC"
"0x40F33", "0x981854"
"0xE86EF", "0xE9ED6A"
"0x3E152", "0xCCE0E4"
"0x83BFA", "0xC18F48"
"0xF273B", "0x12E55C"
"0xF8628", "0xAA5E6"
"0x749C8", "0xCC13A2"
"0x14CF5", "0x648EA6"
"0x65B6F", "0x39D4CE"
"0x86AAA", "0x9F42D0"
"0xBDF9B", "0xB001B3"
"0x8FB8C", "0x85D212"
"0x9976F", "0x95D8BE"
"0x29D11", "0x3EFB31"
"0x6F265", "0xDD12E3"
"0xAB94", "0xEE7495"
"0x8A38F", "0x8095B0"
"0x17061", "0xBCF1AD"
"0x8CE76", "0x2E4506"
"0x5BE4E", "0x9D2603"
"0x5129", "0xCEEE8F"
"0x7F7F", "0x71BCC1"
"0x89FE8", "0xA3AC66"
"0xE235A", "0x3B864E"
"0x7D9A", "0x2994A8"
"0x284B6", "0x57E9DA"
"0xAFA85", "0xCC3BCE"
"0xBDCE4", "0xFD4F33"
"0x82DDE", "0x5534EA"
"0xDA43D", "0xB86C60"
"0x91898", "0x88B950"
"0xE4A07", "0xB2E314"
"0x507A0", "0xDCA5BD"
"0x45183", "0x901EEA"
"0xDF2F4", "0xA4C755"
"0x137BC", "0xF7F160"
"0xBF744", "0xE6B610"
"0x56673", "0x1A75CD"
"0x25D10", "0xD35ECE"
"0x20FEA", "0x600E34"
"0xD0E96", "0x6FE64A"
"0xFE5CA", "0x428900"
"0xE05B9", "0xEF2E50"
"0x47E38", "0x8112B"
"0xBCB1F", "0x221701"
"0x7BC50", "0x4B4952"
"0x21692", "0x6C4D8"
"0xD2EF4", "0x13C5AC"
"0xC45CD", "0xD1DA75"
"0x40916", "0xDDABA9"
"0xA8AE9", "0x67C53F"
"0x35E1", "0x30EAA1"
"0x5092E", "0xF9675B"
"0xE614B", "0x67EAA4"
"0x2D57A", "0xD9FD2B"

[Interrupted]
> findColisions(1000000);
